{
  "RSpec": {
    "coverage": {
      "/home/bbsoft0/workspace/runforjoy/app/controllers/segments_controller.rb": [
        1,
        1,
        1,
        null,
        null,
        null,
        1,
        15,
        null,
        null,
        null,
        null,
        1,
        null,
        null,
        null,
        1,
        1,
        null,
        null,
        null,
        1,
        null,
        null,
        null,
        null,
        1,
        0,
        null,
        0,
        0,
        0,
        0,
        null,
        0,
        0,
        null,
        null,
        null,
        null,
        null,
        null,
        1,
        2,
        2,
        4,
        2,
        null,
        0,
        0,
        null,
        null,
        null,
        null,
        null,
        null,
        1,
        1,
        1,
        2,
        1,
        null,
        null,
        null,
        1,
        1,
        4,
        null,
        null,
        1,
        2,
        null,
        null,
        null,
        null
      ],
      "/home/bbsoft0/workspace/runforjoy/app/controllers/application_controller.rb": [
        1,
        1,
        null,
        null
      ],
      "/home/bbsoft0/workspace/runforjoy/app/helpers/application_helper.rb": [
        1,
        null
      ],
      "/home/bbsoft0/workspace/runforjoy/app/helpers/segments_helper.rb": [
        1,
        null
      ],
      "/home/bbsoft0/workspace/runforjoy/app/helpers/stats_helper.rb": [
        1,
        null
      ],
      "/home/bbsoft0/workspace/runforjoy/spec/controllers/stats_controller_spec.rb": [
        1,
        1,
        null,
        1,
        1,
        null,
        1,
        1,
        1,
        1,
        1,
        1,
        1,
        null,
        1,
        1,
        1,
        null,
        null,
        null,
        1,
        1,
        1,
        1,
        null,
        1,
        1,
        1,
        null,
        null,
        null,
        null,
        null
      ],
      "/home/bbsoft0/workspace/runforjoy/app/controllers/stats_controller.rb": [
        1,
        1,
        1,
        null,
        null,
        1,
        1,
        1,
        null,
        null,
        1,
        0,
        0,
        null,
        null,
        1,
        0,
        0,
        0,
        null,
        0,
        null,
        null,
        null,
        null,
        1,
        0,
        null,
        null,
        null,
        1,
        null,
        null,
        null,
        null,
        1,
        0,
        null,
        0,
        0,
        0,
        0,
        null,
        0,
        0,
        null,
        null,
        null,
        null,
        null,
        null,
        1,
        0,
        0,
        0,
        0,
        null,
        0,
        0,
        null,
        null,
        null,
        null,
        null,
        null,
        1,
        0,
        0,
        0,
        0,
        null,
        null,
        null,
        1,
        1,
        0,
        null,
        null,
        null,
        null,
        null,
        null,
        null,
        null,
        1,
        0,
        null,
        null
      ],
      "/home/bbsoft0/workspace/runforjoy/spec/features/sign_in_spec.rb": [
        1,
        1,
        null,
        1,
        1,
        null,
        1,
        null,
        null,
        null,
        null,
        1,
        null,
        null,
        1,
        null,
        null,
        1,
        1,
        4,
        null,
        null,
        1,
        1,
        1,
        1,
        1,
        null,
        1,
        1,
        1,
        1,
        1,
        1,
        null,
        1,
        1,
        1,
        1,
        1,
        1,
        1,
        null,
        1,
        1,
        1,
        1,
        1,
        1,
        1,
        1,
        1,
        null,
        null
      ],
      "/home/bbsoft0/workspace/runforjoy/spec/integration/home_spec.rb": [
        1,
        null,
        1,
        1,
        4,
        null,
        null,
        1,
        1,
        1,
        null,
        null,
        1,
        1,
        1,
        null,
        null,
        1,
        null,
        null,
        null,
        null,
        1,
        1,
        1,
        null,
        null,
        null
      ],
      "/home/bbsoft0/workspace/runforjoy/spec/models/segment_spec.rb": [
        1,
        null,
        1,
        null,
        null
      ],
      "/home/bbsoft0/workspace/runforjoy/spec/models/stat_spec.rb": [

      ],
      "/home/bbsoft0/workspace/runforjoy/spec/models/user_spec.rb": [

      ]
    },
    "timestamp": 1474670671
  }
}
